C51 COMPILER V9.50a   LED                                                                  07/25/2016 23:15:21 PAGE 1   


C51 COMPILER V9.50a, COMPILATION OF MODULE LED
OBJECT MODULE PLACED IN led.OBJ
COMPILER INVOKED BY: C:\Keil\C51\BIN\C51.EXE led.c BROWSE DEBUG OBJECTEXTEND TABS(2)

line level    source

   1          #include <reg51.h>
   2          void main() {
   3   1        unsigned int x;
   4   1        for(;;){
   5   2          P1= 0x55;
   6   2          for(x=0;x<4444;++x);
   7   2          P1=0xAA;
   8   2          for(x=0;x<4444;++x);
   9   2        }
  10   1      }


MODULE INFORMATION:   STATIC OVERLAYABLE
   CODE SIZE        =     39    ----
   CONSTANT SIZE    =   ----    ----
   XDATA SIZE       =   ----    ----
   PDATA SIZE       =   ----    ----
   DATA SIZE        =   ----    ----
   IDATA SIZE       =   ----    ----
   BIT SIZE         =   ----    ----
END OF MODULE INFORMATION.


C51 COMPILATION COMPLETE.  0 WARNING(S),  0 ERROR(S)
